2025-04-13 18:31:44,565 [Worker-7: Loading available Gradle versions] INFO  o.e.b.c.i.u.g.PublishedGradleVersions - Gradle version information cache is out-of-date. Trying to update.
2025-04-13 18:31:45,997 [Worker-7: Loading available Gradle versions] INFO  o.e.b.c.i.u.g.PublishedGradleVersions - Updating Gradle version information cache failed. Using outdated cache.
2025-04-14 16:19:08,649 [Worker-5: Loading available Gradle versions] INFO  o.e.b.c.i.u.g.PublishedGradleVersions - Gradle version information cache is out-of-date. Trying to update.
2025-04-15 08:45:13,311 [Worker-8: Loading available Gradle versions] INFO  o.e.b.c.i.u.g.PublishedGradleVersions - Gradle version information cache is up-to-date. Trying to read.
2025-04-15 17:31:35,338 [Worker-12: Loading available Gradle versions] INFO  o.e.b.c.i.u.g.PublishedGradleVersions - Gradle version information cache is out-of-date. Trying to update.
2025-04-16 08:54:25,293 [Worker-2: Loading available Gradle versions] INFO  o.e.b.c.i.u.g.PublishedGradleVersions - Gradle version information cache is up-to-date. Trying to read.
2025-04-16 15:58:06,681 [Worker-8: Loading available Gradle versions] INFO  o.e.b.c.i.u.g.PublishedGradleVersions - Gradle version information cache is up-to-date. Trying to read.
2025-04-17 08:12:52,928 [Worker-7: Loading available Gradle versions] INFO  o.e.b.c.i.u.g.PublishedGradleVersions - Gradle version information cache is out-of-date. Trying to update.
2025-04-17 21:37:27,391 [Worker-7: Loading available Gradle versions] INFO  o.e.b.c.i.u.g.PublishedGradleVersions - Gradle version information cache is up-to-date. Trying to read.
2025-04-18 11:48:01,432 [Worker-2: Loading available Gradle versions] INFO  o.e.b.c.i.u.g.PublishedGradleVersions - Gradle version information cache is out-of-date. Trying to update.
2025-04-23 15:38:32,589 [Worker-2: Loading available Gradle versions] INFO  o.e.b.c.i.u.g.PublishedGradleVersions - Gradle version information cache is out-of-date. Trying to update.
2025-04-24 16:27:42,120 [Worker-2: Loading available Gradle versions] INFO  o.e.b.c.i.u.g.PublishedGradleVersions - Gradle version information cache is out-of-date. Trying to update.
2025-04-25 10:27:02,736 [Worker-7: Loading available Gradle versions] INFO  o.e.b.c.i.u.g.PublishedGradleVersions - Gradle version information cache is up-to-date. Trying to read.
2025-04-25 11:26:16,450 [Worker-2: Loading available Gradle versions] INFO  o.e.b.c.i.u.g.PublishedGradleVersions - Gradle version information cache is up-to-date. Trying to read.
2025-04-25 16:17:18,471 [Worker-4: Loading available Gradle versions] INFO  o.e.b.c.i.u.g.PublishedGradleVersions - Gradle version information cache is up-to-date. Trying to read.
2025-04-25 16:40:58,584 [main] INFO  org.eclipse.jetty.server.Server - jetty-12.0.12; built: 2024-07-25T21:58:37.668Z; git: cc6f1b74db755fed228b50701ad967aeaa68e83f; jvm 23.0.1+11
2025-04-25 16:40:58,759 [main] INFO  o.e.j.server.handler.ContextHandler - Started oeje8n.ContextHandler$CoreContextHandler@274bc54e{/wse,/wse,b=null,a=AVAILABLE,h=oeje8n.ContextHandler$CoreContextHandler$CoreToNestedHandler@4fe49bf8{STARTED}}
2025-04-25 16:40:58,762 [main] INFO  o.e.j.s.DefaultSessionIdManager - Session workerName=node0
2025-04-25 16:40:58,846 [main] INFO  o.e.jetty.server.AbstractConnector - Started ServerConnector@49df39e9{HTTP/1.1, (http/1.1)}{0.0.0.0:59280}
2025-04-25 16:40:58,919 [main] INFO  org.eclipse.jetty.server.Server - Started oejs.Server@5b192531{STARTING}[12.0.12,sto=0] @1462030ms
2025-04-25 16:41:00,227 [qtp731875430-203] INFO  o.e.j.e.nested.ContextHandler._wse - Warning: No org.apache.tomcat.JarScanner set in ServletContext. Falling back to default JarScanner implementation.
2025-04-25 19:25:19,168 [Framework stop - Equinox Container: 5dc60158-e72c-4dc0-a657-8f4e95d5d91a] INFO  org.eclipse.jetty.server.Server - Stopped oejs.Server@5b192531{STOPPING}[12.0.12,sto=0]
2025-04-25 19:25:19,240 [Framework stop - Equinox Container: 5dc60158-e72c-4dc0-a657-8f4e95d5d91a] INFO  o.e.jetty.server.AbstractConnector - Stopped ServerConnector@49df39e9{HTTP/1.1, (http/1.1)}{0.0.0.0:0}
2025-04-26 16:12:33,549 [Worker-6: Loading available Gradle versions] INFO  o.e.b.c.i.u.g.PublishedGradleVersions - Gradle version information cache is out-of-date. Trying to update.
2025-06-05 08:40:31,789 [Worker-5: Loading available Gradle versions] INFO  o.e.b.c.i.u.g.PublishedGradleVersions - Gradle version information cache is out-of-date. Trying to update.
2025-07-20 20:20:54,485 [Worker-6: Loading available Gradle versions] INFO  o.e.b.c.i.u.g.PublishedGradleVersions - Gradle version information cache is out-of-date. Trying to update.
2025-07-20 20:26:35,503 [Worker-1: Loading available Gradle versions] INFO  o.e.b.c.i.u.g.PublishedGradleVersions - Gradle version information cache is up-to-date. Trying to read.
2025-07-20 20:30:30,417 [Start Help Server] INFO  org.eclipse.jetty.server.Server - jetty-12.0.12; built: 2024-07-25T21:58:37.668Z; git: cc6f1b74db755fed228b50701ad967aeaa68e83f; jvm 23.0.1+11
2025-07-20 20:30:30,491 [Start Help Server] INFO  o.e.j.server.handler.ContextHandler - Started oeje8n.ContextHandler$CoreContextHandler@458ca9fe{/help,/help,b=null,a=AVAILABLE,h=oeje8n.ContextHandler$CoreContextHandler$CoreToNestedHandler@624256a5{STARTED}}
2025-07-20 20:30:30,492 [Start Help Server] INFO  o.e.j.s.DefaultSessionIdManager - Session workerName=node0
2025-07-20 20:30:30,525 [Start Help Server] INFO  o.e.jetty.server.AbstractConnector - Started ServerConnector@25cf976e{HTTP/1.1, (http/1.1)}{127.0.0.1:59121}
2025-07-20 20:30:30,532 [Start Help Server] INFO  org.eclipse.jetty.server.Server - Started oejs.Server@388dfb7a{STARTING}[12.0.12,sto=0] @255241ms
2025-07-20 20:32:14,324 [Stop Help Server] INFO  org.eclipse.jetty.server.Server - Stopped oejs.Server@388dfb7a{STOPPING}[12.0.12,sto=0]
2025-07-20 20:32:14,327 [Stop Help Server] INFO  o.e.jetty.server.AbstractConnector - Stopped ServerConnector@25cf976e{HTTP/1.1, (http/1.1)}{127.0.0.1:0}
